<?xml version="1.0" encoding="UTF-8"?>
<!-- Generated by org.testng.reporters.JUnitReportReporter -->
<testsuite skipped="0" hostname="Kunals-Air.broadband" name="com.ScreenshotCompare_Multiple.Test_TakeScreenshots2" tests="1" failures="0" timestamp="2020-07-27T10:08:32 BST" time="9.623" errors="0">
  <testcase name="TakeScreenshots" time="9.623" classname="com.ScreenshotCompare_Multiple.Test_TakeScreenshots2"/>
</testsuite> <!-- com.ScreenshotCompare_Multiple.Test_TakeScreenshots2 -->
