<?xml version="1.0" encoding="UTF-8"?>
<!-- Generated by org.testng.reporters.JUnitReportReporter -->
<testsuite skipped="0" hostname="Kunals-MacBook-Air.local" name="com.ScreenshotCompare.Test_CompareScreenshot2" tests="1" failures="0" timestamp="2020-06-08T19:26:00 BST" time="10.708" errors="0">
  <testcase name="CompareScreenshots" time="10.708" classname="com.ScreenshotCompare.Test_CompareScreenshot2"/>
</testsuite> <!-- com.ScreenshotCompare.Test_CompareScreenshot2 -->
