<?xml version="1.0" encoding="UTF-8"?>
<!-- Generated by org.testng.reporters.JUnitReportReporter -->
<testsuite skipped="0" hostname="Kunals-MacBook-Air.local" name="ScreenshotCompare.Test_TakeScreenshots" tests="1" failures="0" timestamp="2020-06-08T13:50:58 BST" time="2.638" errors="0">
  <testcase name="TakeScreenshots" time="2.638" classname="ScreenshotCompare.Test_TakeScreenshots"/>
</testsuite> <!-- ScreenshotCompare.Test_TakeScreenshots -->
