<?xml version="1.0" encoding="UTF-8"?>
<!-- Generated by org.testng.reporters.JUnitReportReporter -->
<testsuite skipped="0" hostname="Kunals-MacBook-Air.local" name="com.ScreenshotCompare.Test_TakeScreenshots2" tests="1" failures="0" timestamp="2020-06-08T19:19:34 BST" time="10.507" errors="0">
  <testcase name="TakeScreenshots" time="10.507" classname="com.ScreenshotCompare.Test_TakeScreenshots2"/>
</testsuite> <!-- com.ScreenshotCompare.Test_TakeScreenshots2 -->
