<?xml version="1.0" encoding="UTF-8"?>
<!-- Generated by org.testng.reporters.JUnitReportReporter -->
<testsuite skipped="0" hostname="Kunals-MacBook-Air.local" name="com.Tests.Test_Login" tests="1" failures="0" timestamp="2020-05-16T14:06:51 BST" time="4.962" errors="0">
  <testcase name="testLogin" time="4.962" classname="com.Tests.Test_Login"/>
</testsuite> <!-- com.Tests.Test_Login -->
