<?xml version="1.0" encoding="UTF-8"?>
<!-- Generated by org.testng.reporters.JUnitReportReporter -->
<testsuite skipped="0" hostname="Kunals-MacBook-Air.local" name="ScreenshotCompare.Test_CompareScreenshot" tests="1" failures="0" timestamp="2020-06-08T13:51:12 BST" time="2.724" errors="0">
  <testcase name="CompareScreenshots" time="2.724" classname="ScreenshotCompare.Test_CompareScreenshot"/>
</testsuite> <!-- ScreenshotCompare.Test_CompareScreenshot -->
